2017-02-16 23:55:11: -- Analysis Started by User Command
2017-02-16 23:55:11: L: State file does not exist: C:/Users/colm_/FTP/Aion/_gsdata_/_file_state_v4._gs
2017-02-16 23:55:11: R: State file does not exist: ftp://coml.aion.feralhosting.com/media/82b7/coml/www/coml.online/public_html/_gsdata_/_file_state_v4._gs
2017-02-16 23:55:26: /about.html: Conflict: New files that differ
2017-02-16 23:55:26: /contact.html: Conflict: New files that differ
2017-02-16 23:55:26: /css/animate.css: Conflict: New files that differ
2017-02-16 23:55:26: /css/bootstrap.css: Conflict: New files that differ
2017-02-16 23:55:26: /css/bootstrap.css.map: Conflict: New files that differ
2017-02-16 23:55:26: /css/flexslider.css: Conflict: New files that differ
2017-02-16 23:55:26: /css/icomoon.css: Conflict: New files that differ
2017-02-16 23:55:26: /css/magnific-popup.css: Conflict: New files that differ
2017-02-16 23:55:26: /css/owl.carousel.min.css: Conflict: New files that differ
2017-02-16 23:55:26: /css/owl.theme.default.min.css: Conflict: New files that differ
2017-02-16 23:55:26: /css/style.css: Conflict: New files that differ
2017-02-16 23:55:26: /css/style.css.map: Conflict: New files that differ
2017-02-16 23:55:26: /fonts/bootstrap/glyphicons-halflings-regular.eot: Conflict: New files that differ
2017-02-16 23:55:26: /fonts/bootstrap/glyphicons-halflings-regular.svg: Conflict: New files that differ
2017-02-16 23:55:26: /fonts/bootstrap/glyphicons-halflings-regular.ttf: Conflict: New files that differ
2017-02-16 23:55:26: /fonts/bootstrap/glyphicons-halflings-regular.woff: Conflict: New files that differ
2017-02-16 23:55:26: /fonts/bootstrap/glyphicons-halflings-regular.woff2: Conflict: New files that differ
2017-02-16 23:55:26: /fonts/icomoon/icomoon.eot: Conflict: New files that differ
2017-02-16 23:55:26: /fonts/icomoon/icomoon.svg: Conflict: New files that differ
2017-02-16 23:55:26: /fonts/icomoon/icomoon.ttf: Conflict: New files that differ
2017-02-16 23:55:26: /fonts/icomoon/icomoon.woff: Conflict: New files that differ
2017-02-16 23:55:26: /images/img_1.jpg: Conflict: New files that differ
2017-02-16 23:55:26: /images/img_bg_1.jpg: Conflict: New files that differ
2017-02-16 23:55:26: /images/img_bg_2.jpg: Conflict: New files that differ
2017-02-16 23:55:26: /images/img_bg_3.jpg: Conflict: New files that differ
2017-02-16 23:55:26: /images/loader.gif: Conflict: New files that differ
2017-02-16 23:55:26: /images/person_1.jpg: Conflict: New files that differ
2017-02-16 23:55:26: /images/person_2.jpg: Conflict: New files that differ
2017-02-16 23:55:26: /images/person_3.jpg: Conflict: New files that differ
2017-02-16 23:55:26: /index.html: Conflict: New files that differ
2017-02-16 23:55:26: /js/bootstrap.min.js: Conflict: New files that differ
2017-02-16 23:55:26: /js/jquery.countTo.js: Conflict: New files that differ
2017-02-16 23:55:26: /js/jquery.easing.1.3.js: Conflict: New files that differ
2017-02-16 23:55:26: /js/jquery.magnific-popup.min.js: Conflict: New files that differ
2017-02-16 23:55:26: /js/jquery.min.js: Conflict: New files that differ
2017-02-16 23:55:26: /js/jquery.waypoints.min.js: Conflict: New files that differ
2017-02-16 23:55:26: /js/magnific-popup-options.js: Conflict: New files that differ
2017-02-16 23:55:26: /js/main.js: Conflict: New files that differ
2017-02-16 23:55:26: /js/modernizr-2.6.2.min.js: Conflict: New files that differ
2017-02-16 23:55:26: /js/owl.carousel.min.js: Conflict: New files that differ
2017-02-16 23:55:26: /js/respond.min.js: Conflict: New files that differ
2017-02-16 23:55:26: /README.txt: Conflict: New files that differ
2017-02-16 23:55:26: /sass/_bootstrap-compass.scss: Conflict: New files that differ
2017-02-16 23:55:26: /sass/_bootstrap-mincer.scss: Conflict: New files that differ
2017-02-16 23:55:26: /sass/_bootstrap-sprockets.scss: Conflict: New files that differ
2017-02-16 23:55:26: /sass/bootstrap/_alerts.scss: Conflict: New files that differ
2017-02-16 23:55:26: /sass/bootstrap/_badges.scss: Conflict: New files that differ
2017-02-16 23:55:26: /sass/bootstrap/_breadcrumbs.scss: Conflict: New files that differ
2017-02-16 23:55:26: /sass/bootstrap/_button-groups.scss: Conflict: New files that differ
2017-02-16 23:55:26: /sass/bootstrap/_buttons.scss: Conflict: New files that differ
2017-02-16 23:55:26: /sass/bootstrap/_carousel.scss: Conflict: New files that differ
2017-02-16 23:55:26: /sass/bootstrap/_close.scss: Conflict: New files that differ
2017-02-16 23:55:26: /sass/bootstrap/_code.scss: Conflict: New files that differ
2017-02-16 23:55:26: /sass/bootstrap/_component-animations.scss: Conflict: New files that differ
2017-02-16 23:55:26: /sass/bootstrap/_dropdowns.scss: Conflict: New files that differ
2017-02-16 23:55:26: /sass/bootstrap/_forms.scss: Conflict: New files that differ
2017-02-16 23:55:26: /sass/bootstrap/_glyphicons.scss: Conflict: New files that differ
2017-02-16 23:55:26: /sass/bootstrap/_grid.scss: Conflict: New files that differ
2017-02-16 23:55:26: /sass/bootstrap/_input-groups.scss: Conflict: New files that differ
2017-02-16 23:55:26: /sass/bootstrap/_jumbotron.scss: Conflict: New files that differ
2017-02-16 23:55:26: /sass/bootstrap/_labels.scss: Conflict: New files that differ
2017-02-16 23:55:26: /sass/bootstrap/_list-group.scss: Conflict: New files that differ
2017-02-16 23:55:26: /sass/bootstrap/_media.scss: Conflict: New files that differ
2017-02-16 23:55:26: /sass/bootstrap/_mixins.scss: Conflict: New files that differ
2017-02-16 23:55:26: /sass/bootstrap/_modals.scss: Conflict: New files that differ
2017-02-16 23:55:26: /sass/bootstrap/_navbar.scss: Conflict: New files that differ
2017-02-16 23:55:26: /sass/bootstrap/_navs.scss: Conflict: New files that differ
2017-02-16 23:55:26: /sass/bootstrap/_normalize.scss: Conflict: New files that differ
2017-02-16 23:55:26: /sass/bootstrap/_pager.scss: Conflict: New files that differ
2017-02-16 23:55:26: /sass/bootstrap/_pagination.scss: Conflict: New files that differ
2017-02-16 23:55:26: /sass/bootstrap/_panels.scss: Conflict: New files that differ
2017-02-16 23:55:26: /sass/bootstrap/_popovers.scss: Conflict: New files that differ
2017-02-16 23:55:26: /sass/bootstrap/_print.scss: Conflict: New files that differ
2017-02-16 23:55:26: /sass/bootstrap/_progress-bars.scss: Conflict: New files that differ
2017-02-16 23:55:26: /sass/bootstrap/_responsive-embed.scss: Conflict: New files that differ
2017-02-16 23:55:26: /sass/bootstrap/_responsive-utilities.scss: Conflict: New files that differ
2017-02-16 23:55:26: /sass/bootstrap/_scaffolding.scss: Conflict: New files that differ
2017-02-16 23:55:26: /sass/bootstrap/_tables.scss: Conflict: New files that differ
2017-02-16 23:55:26: /sass/bootstrap/_theme.scss: Conflict: New files that differ
2017-02-16 23:55:26: /sass/bootstrap/_thumbnails.scss: Conflict: New files that differ
2017-02-16 23:55:26: /sass/bootstrap/_tooltip.scss: Conflict: New files that differ
2017-02-16 23:55:26: /sass/bootstrap/_type.scss: Conflict: New files that differ
2017-02-16 23:55:26: /sass/bootstrap/_utilities.scss: Conflict: New files that differ
2017-02-16 23:55:26: /sass/bootstrap/_variables.scss: Conflict: New files that differ
2017-02-16 23:55:26: /sass/bootstrap/_wells.scss: Conflict: New files that differ
2017-02-16 23:55:26: /sass/bootstrap/mixins/_alerts.scss: Conflict: New files that differ
2017-02-16 23:55:26: /sass/bootstrap/mixins/_background-variant.scss: Conflict: New files that differ
2017-02-16 23:55:26: /sass/bootstrap/mixins/_border-radius.scss: Conflict: New files that differ
2017-02-16 23:55:26: /sass/bootstrap/mixins/_buttons.scss: Conflict: New files that differ
2017-02-16 23:55:26: /sass/bootstrap/mixins/_center-block.scss: Conflict: New files that differ
2017-02-16 23:55:26: /sass/bootstrap/mixins/_clearfix.scss: Conflict: New files that differ
2017-02-16 23:55:26: /sass/bootstrap/mixins/_forms.scss: Conflict: New files that differ
2017-02-16 23:55:26: /sass/bootstrap/mixins/_gradients.scss: Conflict: New files that differ
2017-02-16 23:55:26: /sass/bootstrap/mixins/_grid-framework.scss: Conflict: New files that differ
2017-02-16 23:55:26: /sass/bootstrap/mixins/_grid.scss: Conflict: New files that differ
2017-02-16 23:55:26: /sass/bootstrap/mixins/_hide-text.scss: Conflict: New files that differ
2017-02-16 23:55:26: /sass/bootstrap/mixins/_image.scss: Conflict: New files that differ
2017-02-16 23:55:26: /sass/bootstrap/mixins/_labels.scss: Conflict: New files that differ
2017-02-16 23:55:26: /sass/bootstrap/mixins/_list-group.scss: Conflict: New files that differ
2017-02-16 23:55:26: /sass/bootstrap/mixins/_nav-divider.scss: Conflict: New files that differ
2017-02-16 23:55:26: /sass/bootstrap/mixins/_nav-vertical-align.scss: Conflict: New files that differ
2017-02-16 23:55:26: /sass/bootstrap/mixins/_opacity.scss: Conflict: New files that differ
2017-02-16 23:55:26: /sass/bootstrap/mixins/_pagination.scss: Conflict: New files that differ
2017-02-16 23:55:26: /sass/bootstrap/mixins/_panels.scss: Conflict: New files that differ
2017-02-16 23:55:26: /sass/bootstrap/mixins/_progress-bar.scss: Conflict: New files that differ
2017-02-16 23:55:26: /sass/bootstrap/mixins/_reset-filter.scss: Conflict: New files that differ
2017-02-16 23:55:26: /sass/bootstrap/mixins/_reset-text.scss: Conflict: New files that differ
2017-02-16 23:55:26: /sass/bootstrap/mixins/_resize.scss: Conflict: New files that differ
2017-02-16 23:55:26: /sass/bootstrap/mixins/_responsive-visibility.scss: Conflict: New files that differ
2017-02-16 23:55:26: /sass/bootstrap/mixins/_size.scss: Conflict: New files that differ
2017-02-16 23:55:26: /sass/bootstrap/mixins/_tab-focus.scss: Conflict: New files that differ
2017-02-16 23:55:26: /sass/bootstrap/mixins/_table-row.scss: Conflict: New files that differ
2017-02-16 23:55:26: /sass/bootstrap/mixins/_text-emphasis.scss: Conflict: New files that differ
2017-02-16 23:55:26: /sass/bootstrap/mixins/_text-overflow.scss: Conflict: New files that differ
2017-02-16 23:55:26: /sass/bootstrap/mixins/_vendor-prefixes.scss: Conflict: New files that differ
2017-02-16 23:55:26: /sass/bootstrap.scss: Conflict: New files that differ
2017-02-16 23:55:26: /sass/style.scss: Conflict: New files that differ
2017-02-16 23:55:26: /services.html: Conflict: New files that differ
2017-02-16 23:55:26: Analyze has finished with Conflicts. Resolve Conflicts by selecting the correct sync direction, then click Sync
2017-02-16 23:55:26: Changes: 251, Conflicts: 118, CopyTime: 0, CopyState: 0/9, Errors: 0, All: 266
2017-02-16 23:55:26: Left to Right: Copy File: 133 
2017-02-16 23:55:26: -- Analysis Complete. Time 00:00:19, Speed: 14 files/s
2017-02-16 23:55:26: 
2017-02-16 23:57:01: New _gsdata_ folder(s) created, so rescan all job folders for their ghosts
2017-02-16 23:57:01: == Sync Started by User Command
2017-02-16 23:57:04: Create Folder 'ftp://coml.aion.feralhosting.com/media/82b7/coml/www/coml.online/public_html/cv'
2017-02-16 23:57:04: Create Folder 'ftp://coml.aion.feralhosting.com/media/82b7/coml/www/coml.online/public_html/cv/css'
2017-02-16 23:57:05: Create Folder 'ftp://coml.aion.feralhosting.com/media/82b7/coml/www/coml.online/public_html/cv/fonts'
2017-02-16 23:57:05: Create Folder 'ftp://coml.aion.feralhosting.com/media/82b7/coml/www/coml.online/public_html/cv/fonts/font-awesome'
2017-02-16 23:57:05: Create Folder 'ftp://coml.aion.feralhosting.com/media/82b7/coml/www/coml.online/public_html/cv/fonts/font-awesome/css'
2017-02-16 23:57:05: Create Folder 'ftp://coml.aion.feralhosting.com/media/82b7/coml/www/coml.online/public_html/cv/fonts/font-awesome/fonts'
2017-02-16 23:57:06: Create Folder 'ftp://coml.aion.feralhosting.com/media/82b7/coml/www/coml.online/public_html/cv/fonts/font-awesome/less'
2017-02-16 23:57:06: Create Folder 'ftp://coml.aion.feralhosting.com/media/82b7/coml/www/coml.online/public_html/cv/fonts/font-awesome/scss'
2017-02-16 23:57:06: Create Folder 'ftp://coml.aion.feralhosting.com/media/82b7/coml/www/coml.online/public_html/cv/fonts/fonts'
2017-02-16 23:57:07: Create Folder 'ftp://coml.aion.feralhosting.com/media/82b7/coml/www/coml.online/public_html/cv/img'
2017-02-16 23:57:07: Create Folder 'ftp://coml.aion.feralhosting.com/media/82b7/coml/www/coml.online/public_html/cv/img/portfolio'
2017-02-16 23:57:07: Create Folder 'ftp://coml.aion.feralhosting.com/media/82b7/coml/www/coml.online/public_html/cv/img/prettyPhoto'
2017-02-16 23:57:07: Create Folder 'ftp://coml.aion.feralhosting.com/media/82b7/coml/www/coml.online/public_html/cv/img/prettyPhoto/dark_rounded'
2017-02-16 23:57:08: Create Folder 'ftp://coml.aion.feralhosting.com/media/82b7/coml/www/coml.online/public_html/cv/img/prettyPhoto/dark_square'
2017-02-16 23:57:08: Create Folder 'ftp://coml.aion.feralhosting.com/media/82b7/coml/www/coml.online/public_html/cv/img/prettyPhoto/default'
2017-02-16 23:57:08: Create Folder 'ftp://coml.aion.feralhosting.com/media/82b7/coml/www/coml.online/public_html/cv/img/prettyPhoto/facebook'
2017-02-16 23:57:09: Create Folder 'ftp://coml.aion.feralhosting.com/media/82b7/coml/www/coml.online/public_html/cv/img/prettyPhoto/light_rounded'
2017-02-16 23:57:09: Create Folder 'ftp://coml.aion.feralhosting.com/media/82b7/coml/www/coml.online/public_html/cv/img/prettyPhoto/light_square'
2017-02-16 23:57:09: Create Folder 'ftp://coml.aion.feralhosting.com/media/82b7/coml/www/coml.online/public_html/cv/js'
2017-02-16 23:57:09: Create Folder 'ftp://coml.aion.feralhosting.com/media/82b7/coml/www/coml.online/public_html/cv/mail'
2017-02-16 23:57:09: /about.html: unresolved conflict results in No Copy
2017-02-16 23:57:09: /contact.html: unresolved conflict results in No Copy
2017-02-16 23:57:09: /css/animate.css: unresolved conflict results in No Copy
2017-02-16 23:57:09: /css/bootstrap.css: unresolved conflict results in No Copy
2017-02-16 23:57:09: /css/bootstrap.css.map: unresolved conflict results in No Copy
2017-02-16 23:57:09: /css/flexslider.css: unresolved conflict results in No Copy
2017-02-16 23:57:09: /css/icomoon.css: unresolved conflict results in No Copy
2017-02-16 23:57:09: /css/magnific-popup.css: unresolved conflict results in No Copy
2017-02-16 23:57:09: /css/owl.carousel.min.css: unresolved conflict results in No Copy
2017-02-16 23:57:09: /css/owl.theme.default.min.css: unresolved conflict results in No Copy
2017-02-16 23:57:09: /css/style.css: unresolved conflict results in No Copy
2017-02-16 23:57:09: /css/style.css.map: unresolved conflict results in No Copy
2017-02-16 23:57:13: Copy New 'C:/Users/colm_/FTP/Aion/cv/css/bootstrap.css' -> 'ftp://coml.aion.feralhosting.com/media/82b7/coml/www/coml.online/public_html/cv/css/bootstrap.css'
2017-02-16 23:57:16: Copy New 'C:/Users/colm_/FTP/Aion/cv/css/bootstrap.min.css' -> 'ftp://coml.aion.feralhosting.com/media/82b7/coml/www/coml.online/public_html/cv/css/bootstrap.min.css'
2017-02-16 23:57:19: Copy New 'C:/Users/colm_/FTP/Aion/cv/css/prettyPhoto.css' -> 'ftp://coml.aion.feralhosting.com/media/82b7/coml/www/coml.online/public_html/cv/css/prettyPhoto.css'
2017-02-16 23:57:22: Copy New 'C:/Users/colm_/FTP/Aion/cv/css/style.css' -> 'ftp://coml.aion.feralhosting.com/media/82b7/coml/www/coml.online/public_html/cv/css/style.css'
2017-02-16 23:57:25: Copy New 'C:/Users/colm_/FTP/Aion/cv/fonts/font-awesome/css/font-awesome.css' -> 'ftp://coml.aion.feralhosting.com/media/82b7/coml/www/coml.online/public_html/cv/fonts/font-awesome/css/font-awesome.css'
2017-02-16 23:57:28: Copy New 'C:/Users/colm_/FTP/Aion/cv/fonts/font-awesome/css/font-awesome.min.css' -> 'ftp://coml.aion.feralhosting.com/media/82b7/coml/www/coml.online/public_html/cv/fonts/font-awesome/css/font-awesome.min.css'
2017-02-16 23:57:31: Copy New 'C:/Users/colm_/FTP/Aion/cv/fonts/font-awesome/fonts/fontawesome-webfont.eot' -> 'ftp://coml.aion.feralhosting.com/media/82b7/coml/www/coml.online/public_html/cv/fonts/font-awesome/fonts/fontawesome-webfont.eot'
2017-02-16 23:57:35: Copy New 'C:/Users/colm_/FTP/Aion/cv/fonts/font-awesome/fonts/fontawesome-webfont.svg' -> 'ftp://coml.aion.feralhosting.com/media/82b7/coml/www/coml.online/public_html/cv/fonts/font-awesome/fonts/fontawesome-webfont.svg'
2017-02-16 23:57:39: Copy New 'C:/Users/colm_/FTP/Aion/cv/fonts/font-awesome/fonts/fontawesome-webfont.ttf' -> 'ftp://coml.aion.feralhosting.com/media/82b7/coml/www/coml.online/public_html/cv/fonts/font-awesome/fonts/fontawesome-webfont.ttf'
2017-02-16 23:57:42: Copy New 'C:/Users/colm_/FTP/Aion/cv/fonts/font-awesome/fonts/fontawesome-webfont.woff' -> 'ftp://coml.aion.feralhosting.com/media/82b7/coml/www/coml.online/public_html/cv/fonts/font-awesome/fonts/fontawesome-webfont.woff'
2017-02-16 23:57:45: Copy New 'C:/Users/colm_/FTP/Aion/cv/fonts/font-awesome/fonts/fontawesome-webfont.woff2' -> 'ftp://coml.aion.feralhosting.com/media/82b7/coml/www/coml.online/public_html/cv/fonts/font-awesome/fonts/fontawesome-webfont.woff2'
2017-02-16 23:57:48: Copy New 'C:/Users/colm_/FTP/Aion/cv/fonts/font-awesome/fonts/FontAwesome.otf' -> 'ftp://coml.aion.feralhosting.com/media/82b7/coml/www/coml.online/public_html/cv/fonts/font-awesome/fonts/FontAwesome.otf'
2017-02-16 23:57:51: Copy New 'C:/Users/colm_/FTP/Aion/cv/fonts/font-awesome/less/animated.less' -> 'ftp://coml.aion.feralhosting.com/media/82b7/coml/www/coml.online/public_html/cv/fonts/font-awesome/less/animated.less'
2017-02-16 23:57:54: Copy New 'C:/Users/colm_/FTP/Aion/cv/fonts/font-awesome/less/bordered-pulled.less' -> 'ftp://coml.aion.feralhosting.com/media/82b7/coml/www/coml.online/public_html/cv/fonts/font-awesome/less/bordered-pulled.less'
2017-02-16 23:57:56: Copy New 'C:/Users/colm_/FTP/Aion/cv/fonts/font-awesome/less/core.less' -> 'ftp://coml.aion.feralhosting.com/media/82b7/coml/www/coml.online/public_html/cv/fonts/font-awesome/less/core.less'
2017-02-16 23:57:59: Copy New 'C:/Users/colm_/FTP/Aion/cv/fonts/font-awesome/less/fixed-width.less' -> 'ftp://coml.aion.feralhosting.com/media/82b7/coml/www/coml.online/public_html/cv/fonts/font-awesome/less/fixed-width.less'
2017-02-16 23:58:02: Copy New 'C:/Users/colm_/FTP/Aion/cv/fonts/font-awesome/less/font-awesome.less' -> 'ftp://coml.aion.feralhosting.com/media/82b7/coml/www/coml.online/public_html/cv/fonts/font-awesome/less/font-awesome.less'
2017-02-16 23:58:05: Copy New 'C:/Users/colm_/FTP/Aion/cv/fonts/font-awesome/less/icons.less' -> 'ftp://coml.aion.feralhosting.com/media/82b7/coml/www/coml.online/public_html/cv/fonts/font-awesome/less/icons.less'
2017-02-16 23:58:07: Copy New 'C:/Users/colm_/FTP/Aion/cv/fonts/font-awesome/less/larger.less' -> 'ftp://coml.aion.feralhosting.com/media/82b7/coml/www/coml.online/public_html/cv/fonts/font-awesome/less/larger.less'
2017-02-16 23:58:10: Copy New 'C:/Users/colm_/FTP/Aion/cv/fonts/font-awesome/less/list.less' -> 'ftp://coml.aion.feralhosting.com/media/82b7/coml/www/coml.online/public_html/cv/fonts/font-awesome/less/list.less'
2017-02-16 23:58:12: Copy New 'C:/Users/colm_/FTP/Aion/cv/fonts/font-awesome/less/mixins.less' -> 'ftp://coml.aion.feralhosting.com/media/82b7/coml/www/coml.online/public_html/cv/fonts/font-awesome/less/mixins.less'
2017-02-16 23:58:15: Copy New 'C:/Users/colm_/FTP/Aion/cv/fonts/font-awesome/less/path.less' -> 'ftp://coml.aion.feralhosting.com/media/82b7/coml/www/coml.online/public_html/cv/fonts/font-awesome/less/path.less'
2017-02-16 23:58:18: Copy New 'C:/Users/colm_/FTP/Aion/cv/fonts/font-awesome/less/rotated-flipped.less' -> 'ftp://coml.aion.feralhosting.com/media/82b7/coml/www/coml.online/public_html/cv/fonts/font-awesome/less/rotated-flipped.less'
2017-02-16 23:58:20: Copy New 'C:/Users/colm_/FTP/Aion/cv/fonts/font-awesome/less/stacked.less' -> 'ftp://coml.aion.feralhosting.com/media/82b7/coml/www/coml.online/public_html/cv/fonts/font-awesome/less/stacked.less'
2017-02-16 23:58:23: Copy New 'C:/Users/colm_/FTP/Aion/cv/fonts/font-awesome/less/variables.less' -> 'ftp://coml.aion.feralhosting.com/media/82b7/coml/www/coml.online/public_html/cv/fonts/font-awesome/less/variables.less'
2017-02-16 23:58:26: Copy New 'C:/Users/colm_/FTP/Aion/cv/fonts/font-awesome/scss/_animated.scss' -> 'ftp://coml.aion.feralhosting.com/media/82b7/coml/www/coml.online/public_html/cv/fonts/font-awesome/scss/_animated.scss'
2017-02-16 23:58:29: Copy New 'C:/Users/colm_/FTP/Aion/cv/fonts/font-awesome/scss/_bordered-pulled.scss' -> 'ftp://coml.aion.feralhosting.com/media/82b7/coml/www/coml.online/public_html/cv/fonts/font-awesome/scss/_bordered-pulled.scss'
2017-02-16 23:58:31: Copy New 'C:/Users/colm_/FTP/Aion/cv/fonts/font-awesome/scss/_core.scss' -> 'ftp://coml.aion.feralhosting.com/media/82b7/coml/www/coml.online/public_html/cv/fonts/font-awesome/scss/_core.scss'
2017-02-16 23:58:34: Copy New 'C:/Users/colm_/FTP/Aion/cv/fonts/font-awesome/scss/_fixed-width.scss' -> 'ftp://coml.aion.feralhosting.com/media/82b7/coml/www/coml.online/public_html/cv/fonts/font-awesome/scss/_fixed-width.scss'
2017-02-16 23:58:37: Copy New 'C:/Users/colm_/FTP/Aion/cv/fonts/font-awesome/scss/_icons.scss' -> 'ftp://coml.aion.feralhosting.com/media/82b7/coml/www/coml.online/public_html/cv/fonts/font-awesome/scss/_icons.scss'
2017-02-16 23:58:39: Copy New 'C:/Users/colm_/FTP/Aion/cv/fonts/font-awesome/scss/_larger.scss' -> 'ftp://coml.aion.feralhosting.com/media/82b7/coml/www/coml.online/public_html/cv/fonts/font-awesome/scss/_larger.scss'
2017-02-16 23:58:42: Copy New 'C:/Users/colm_/FTP/Aion/cv/fonts/font-awesome/scss/_list.scss' -> 'ftp://coml.aion.feralhosting.com/media/82b7/coml/www/coml.online/public_html/cv/fonts/font-awesome/scss/_list.scss'
2017-02-16 23:58:45: Copy New 'C:/Users/colm_/FTP/Aion/cv/fonts/font-awesome/scss/_mixins.scss' -> 'ftp://coml.aion.feralhosting.com/media/82b7/coml/www/coml.online/public_html/cv/fonts/font-awesome/scss/_mixins.scss'
2017-02-16 23:58:47: Copy New 'C:/Users/colm_/FTP/Aion/cv/fonts/font-awesome/scss/_path.scss' -> 'ftp://coml.aion.feralhosting.com/media/82b7/coml/www/coml.online/public_html/cv/fonts/font-awesome/scss/_path.scss'
2017-02-16 23:58:50: Copy New 'C:/Users/colm_/FTP/Aion/cv/fonts/font-awesome/scss/_rotated-flipped.scss' -> 'ftp://coml.aion.feralhosting.com/media/82b7/coml/www/coml.online/public_html/cv/fonts/font-awesome/scss/_rotated-flipped.scss'
2017-02-16 23:58:53: Copy New 'C:/Users/colm_/FTP/Aion/cv/fonts/font-awesome/scss/_stacked.scss' -> 'ftp://coml.aion.feralhosting.com/media/82b7/coml/www/coml.online/public_html/cv/fonts/font-awesome/scss/_stacked.scss'
2017-02-16 23:58:56: Copy New 'C:/Users/colm_/FTP/Aion/cv/fonts/font-awesome/scss/_variables.scss' -> 'ftp://coml.aion.feralhosting.com/media/82b7/coml/www/coml.online/public_html/cv/fonts/font-awesome/scss/_variables.scss'
2017-02-16 23:58:58: Copy New 'C:/Users/colm_/FTP/Aion/cv/fonts/font-awesome/scss/font-awesome.scss' -> 'ftp://coml.aion.feralhosting.com/media/82b7/coml/www/coml.online/public_html/cv/fonts/font-awesome/scss/font-awesome.scss'
2017-02-16 23:59:01: Copy New 'C:/Users/colm_/FTP/Aion/cv/fonts/fonts/glyphicons-halflings-regular.eot' -> 'ftp://coml.aion.feralhosting.com/media/82b7/coml/www/coml.online/public_html/cv/fonts/fonts/glyphicons-halflings-regular.eot'
2017-02-16 23:59:05: Copy New 'C:/Users/colm_/FTP/Aion/cv/fonts/fonts/glyphicons-halflings-regular.svg' -> 'ftp://coml.aion.feralhosting.com/media/82b7/coml/www/coml.online/public_html/cv/fonts/fonts/glyphicons-halflings-regular.svg'
2017-02-16 23:59:08: Copy New 'C:/Users/colm_/FTP/Aion/cv/fonts/fonts/glyphicons-halflings-regular.ttf' -> 'ftp://coml.aion.feralhosting.com/media/82b7/coml/www/coml.online/public_html/cv/fonts/fonts/glyphicons-halflings-regular.ttf'
2017-02-16 23:59:11: Copy New 'C:/Users/colm_/FTP/Aion/cv/fonts/fonts/glyphicons-halflings-regular.woff' -> 'ftp://coml.aion.feralhosting.com/media/82b7/coml/www/coml.online/public_html/cv/fonts/fonts/glyphicons-halflings-regular.woff'
2017-02-16 23:59:14: Copy New 'C:/Users/colm_/FTP/Aion/cv/fonts/fonts/glyphicons-halflings-regular.woff2' -> 'ftp://coml.aion.feralhosting.com/media/82b7/coml/www/coml.online/public_html/cv/fonts/fonts/glyphicons-halflings-regular.woff2'
2017-02-16 23:59:17: Copy New 'C:/Users/colm_/FTP/Aion/cv/img/about.jpg' -> 'ftp://coml.aion.feralhosting.com/media/82b7/coml/www/coml.online/public_html/cv/img/about.jpg'
2017-02-16 23:59:20: Copy New 'C:/Users/colm_/FTP/Aion/cv/img/intro-bg.jpg' -> 'ftp://coml.aion.feralhosting.com/media/82b7/coml/www/coml.online/public_html/cv/img/intro-bg.jpg'
2017-02-16 23:59:23: Copy New 'C:/Users/colm_/FTP/Aion/cv/img/portfolio/01-large.jpg' -> 'ftp://coml.aion.feralhosting.com/media/82b7/coml/www/coml.online/public_html/cv/img/portfolio/01-large.jpg'
2017-02-16 23:59:26: Copy New 'C:/Users/colm_/FTP/Aion/cv/img/portfolio/01-small.jpg' -> 'ftp://coml.aion.feralhosting.com/media/82b7/coml/www/coml.online/public_html/cv/img/portfolio/01-small.jpg'
2017-02-16 23:59:30: Copy New 'C:/Users/colm_/FTP/Aion/cv/img/portfolio/02-large.jpg' -> 'ftp://coml.aion.feralhosting.com/media/82b7/coml/www/coml.online/public_html/cv/img/portfolio/02-large.jpg'
2017-02-16 23:59:33: Copy New 'C:/Users/colm_/FTP/Aion/cv/img/portfolio/02-small.jpg' -> 'ftp://coml.aion.feralhosting.com/media/82b7/coml/www/coml.online/public_html/cv/img/portfolio/02-small.jpg'
2017-02-16 23:59:36: Copy New 'C:/Users/colm_/FTP/Aion/cv/img/portfolio/03-large.jpg' -> 'ftp://coml.aion.feralhosting.com/media/82b7/coml/www/coml.online/public_html/cv/img/portfolio/03-large.jpg'
2017-02-16 23:59:39: Copy New 'C:/Users/colm_/FTP/Aion/cv/img/portfolio/03-small.jpg' -> 'ftp://coml.aion.feralhosting.com/media/82b7/coml/www/coml.online/public_html/cv/img/portfolio/03-small.jpg'
2017-02-16 23:59:42: Copy New 'C:/Users/colm_/FTP/Aion/cv/img/portfolio/04-large.jpg' -> 'ftp://coml.aion.feralhosting.com/media/82b7/coml/www/coml.online/public_html/cv/img/portfolio/04-large.jpg'
2017-02-16 23:59:45: Copy New 'C:/Users/colm_/FTP/Aion/cv/img/portfolio/04-small.jpg' -> 'ftp://coml.aion.feralhosting.com/media/82b7/coml/www/coml.online/public_html/cv/img/portfolio/04-small.jpg'
2017-02-16 23:59:48: Copy New 'C:/Users/colm_/FTP/Aion/cv/img/portfolio/05-large.jpg' -> 'ftp://coml.aion.feralhosting.com/media/82b7/coml/www/coml.online/public_html/cv/img/portfolio/05-large.jpg'
2017-02-16 23:59:51: Copy New 'C:/Users/colm_/FTP/Aion/cv/img/portfolio/05-small.jpg' -> 'ftp://coml.aion.feralhosting.com/media/82b7/coml/www/coml.online/public_html/cv/img/portfolio/05-small.jpg'
2017-02-16 23:59:55: Copy New 'C:/Users/colm_/FTP/Aion/cv/img/portfolio/06-large.jpg' -> 'ftp://coml.aion.feralhosting.com/media/82b7/coml/www/coml.online/public_html/cv/img/portfolio/06-large.jpg'
2017-02-16 23:59:58: Copy New 'C:/Users/colm_/FTP/Aion/cv/img/portfolio/06-small.jpg' -> 'ftp://coml.aion.feralhosting.com/media/82b7/coml/www/coml.online/public_html/cv/img/portfolio/06-small.jpg'
2017-02-17 00:00:01: Copy New 'C:/Users/colm_/FTP/Aion/cv/img/portfolio/07-large.jpg' -> 'ftp://coml.aion.feralhosting.com/media/82b7/coml/www/coml.online/public_html/cv/img/portfolio/07-large.jpg'
2017-02-17 00:00:04: Copy New 'C:/Users/colm_/FTP/Aion/cv/img/portfolio/07-small.jpg' -> 'ftp://coml.aion.feralhosting.com/media/82b7/coml/www/coml.online/public_html/cv/img/portfolio/07-small.jpg'
2017-02-17 00:00:07: Copy New 'C:/Users/colm_/FTP/Aion/cv/img/portfolio/08-large.jpg' -> 'ftp://coml.aion.feralhosting.com/media/82b7/coml/www/coml.online/public_html/cv/img/portfolio/08-large.jpg'
2017-02-17 00:00:10: Copy New 'C:/Users/colm_/FTP/Aion/cv/img/portfolio/08-small.jpg' -> 'ftp://coml.aion.feralhosting.com/media/82b7/coml/www/coml.online/public_html/cv/img/portfolio/08-small.jpg'
2017-02-17 00:00:13: Copy New 'C:/Users/colm_/FTP/Aion/cv/img/prettyPhoto/dark_rounded/btnNext.png' -> 'ftp://coml.aion.feralhosting.com/media/82b7/coml/www/coml.online/public_html/cv/img/prettyPhoto/dark_rounded/btnNext.png'
2017-02-17 00:00:16: Copy New 'C:/Users/colm_/FTP/Aion/cv/img/prettyPhoto/dark_rounded/btnPrevious.png' -> 'ftp://coml.aion.feralhosting.com/media/82b7/coml/www/coml.online/public_html/cv/img/prettyPhoto/dark_rounded/btnPrevious.png'
2017-02-17 00:00:18: Copy New 'C:/Users/colm_/FTP/Aion/cv/img/prettyPhoto/dark_rounded/contentPattern.png' -> 'ftp://coml.aion.feralhosting.com/media/82b7/coml/www/coml.online/public_html/cv/img/prettyPhoto/dark_rounded/contentPattern.png'
2017-02-17 00:00:21: Copy New 'C:/Users/colm_/FTP/Aion/cv/img/prettyPhoto/dark_rounded/default_thumbnail.gif' -> 'ftp://coml.aion.feralhosting.com/media/82b7/coml/www/coml.online/public_html/cv/img/prettyPhoto/dark_rounded/default_thumbnail.gif'
2017-02-17 00:00:24: Copy New 'C:/Users/colm_/FTP/Aion/cv/img/prettyPhoto/dark_rounded/loader.gif' -> 'ftp://coml.aion.feralhosting.com/media/82b7/coml/www/coml.online/public_html/cv/img/prettyPhoto/dark_rounded/loader.gif'
2017-02-17 00:00:26: Copy New 'C:/Users/colm_/FTP/Aion/cv/img/prettyPhoto/dark_rounded/sprite.png' -> 'ftp://coml.aion.feralhosting.com/media/82b7/coml/www/coml.online/public_html/cv/img/prettyPhoto/dark_rounded/sprite.png'
2017-02-17 00:00:29: Copy New 'C:/Users/colm_/FTP/Aion/cv/img/prettyPhoto/dark_square/btnNext.png' -> 'ftp://coml.aion.feralhosting.com/media/82b7/coml/www/coml.online/public_html/cv/img/prettyPhoto/dark_square/btnNext.png'
2017-02-17 00:00:32: Copy New 'C:/Users/colm_/FTP/Aion/cv/img/prettyPhoto/dark_square/btnPrevious.png' -> 'ftp://coml.aion.feralhosting.com/media/82b7/coml/www/coml.online/public_html/cv/img/prettyPhoto/dark_square/btnPrevious.png'
2017-02-17 00:00:34: Copy New 'C:/Users/colm_/FTP/Aion/cv/img/prettyPhoto/dark_square/contentPattern.png' -> 'ftp://coml.aion.feralhosting.com/media/82b7/coml/www/coml.online/public_html/cv/img/prettyPhoto/dark_square/contentPattern.png'
2017-02-17 00:00:37: Copy New 'C:/Users/colm_/FTP/Aion/cv/img/prettyPhoto/dark_square/default_thumbnail.gif' -> 'ftp://coml.aion.feralhosting.com/media/82b7/coml/www/coml.online/public_html/cv/img/prettyPhoto/dark_square/default_thumbnail.gif'
2017-02-17 00:00:40: Copy New 'C:/Users/colm_/FTP/Aion/cv/img/prettyPhoto/dark_square/loader.gif' -> 'ftp://coml.aion.feralhosting.com/media/82b7/coml/www/coml.online/public_html/cv/img/prettyPhoto/dark_square/loader.gif'
2017-02-17 00:00:42: Copy New 'C:/Users/colm_/FTP/Aion/cv/img/prettyPhoto/dark_square/sprite.png' -> 'ftp://coml.aion.feralhosting.com/media/82b7/coml/www/coml.online/public_html/cv/img/prettyPhoto/dark_square/sprite.png'
2017-02-17 00:00:45: Copy New 'C:/Users/colm_/FTP/Aion/cv/img/prettyPhoto/default/default_thumb.png' -> 'ftp://coml.aion.feralhosting.com/media/82b7/coml/www/coml.online/public_html/cv/img/prettyPhoto/default/default_thumb.png'
2017-02-17 00:00:48: Copy New 'C:/Users/colm_/FTP/Aion/cv/img/prettyPhoto/default/loader.gif' -> 'ftp://coml.aion.feralhosting.com/media/82b7/coml/www/coml.online/public_html/cv/img/prettyPhoto/default/loader.gif'
2017-02-17 00:00:50: Copy New 'C:/Users/colm_/FTP/Aion/cv/img/prettyPhoto/default/sprite.png' -> 'ftp://coml.aion.feralhosting.com/media/82b7/coml/www/coml.online/public_html/cv/img/prettyPhoto/default/sprite.png'
2017-02-17 00:00:53: Copy New 'C:/Users/colm_/FTP/Aion/cv/img/prettyPhoto/default/sprite_next.png' -> 'ftp://coml.aion.feralhosting.com/media/82b7/coml/www/coml.online/public_html/cv/img/prettyPhoto/default/sprite_next.png'
2017-02-17 00:00:56: Copy New 'C:/Users/colm_/FTP/Aion/cv/img/prettyPhoto/default/sprite_prev.png' -> 'ftp://coml.aion.feralhosting.com/media/82b7/coml/www/coml.online/public_html/cv/img/prettyPhoto/default/sprite_prev.png'
2017-02-17 00:00:58: Copy New 'C:/Users/colm_/FTP/Aion/cv/img/prettyPhoto/default/sprite_x.png' -> 'ftp://coml.aion.feralhosting.com/media/82b7/coml/www/coml.online/public_html/cv/img/prettyPhoto/default/sprite_x.png'
2017-02-17 00:01:01: Copy New 'C:/Users/colm_/FTP/Aion/cv/img/prettyPhoto/default/sprite_y.png' -> 'ftp://coml.aion.feralhosting.com/media/82b7/coml/www/coml.online/public_html/cv/img/prettyPhoto/default/sprite_y.png'
2017-02-17 00:01:04: Copy New 'C:/Users/colm_/FTP/Aion/cv/img/prettyPhoto/facebook/btnNext.png' -> 'ftp://coml.aion.feralhosting.com/media/82b7/coml/www/coml.online/public_html/cv/img/prettyPhoto/facebook/btnNext.png'
2017-02-17 00:01:06: Copy New 'C:/Users/colm_/FTP/Aion/cv/img/prettyPhoto/facebook/btnPrevious.png' -> 'ftp://coml.aion.feralhosting.com/media/82b7/coml/www/coml.online/public_html/cv/img/prettyPhoto/facebook/btnPrevious.png'
2017-02-17 00:01:09: Copy New 'C:/Users/colm_/FTP/Aion/cv/img/prettyPhoto/facebook/contentPatternBottom.png' -> 'ftp://coml.aion.feralhosting.com/media/82b7/coml/www/coml.online/public_html/cv/img/prettyPhoto/facebook/contentPatternBottom.png'
2017-02-17 00:01:12: Copy New 'C:/Users/colm_/FTP/Aion/cv/img/prettyPhoto/facebook/contentPatternLeft.png' -> 'ftp://coml.aion.feralhosting.com/media/82b7/coml/www/coml.online/public_html/cv/img/prettyPhoto/facebook/contentPatternLeft.png'
2017-02-17 00:01:14: Copy New 'C:/Users/colm_/FTP/Aion/cv/img/prettyPhoto/facebook/contentPatternRight.png' -> 'ftp://coml.aion.feralhosting.com/media/82b7/coml/www/coml.online/public_html/cv/img/prettyPhoto/facebook/contentPatternRight.png'
2017-02-17 00:01:17: Copy New 'C:/Users/colm_/FTP/Aion/cv/img/prettyPhoto/facebook/contentPatternTop.png' -> 'ftp://coml.aion.feralhosting.com/media/82b7/coml/www/coml.online/public_html/cv/img/prettyPhoto/facebook/contentPatternTop.png'
2017-02-17 00:01:20: Copy New 'C:/Users/colm_/FTP/Aion/cv/img/prettyPhoto/facebook/default_thumbnail.gif' -> 'ftp://coml.aion.feralhosting.com/media/82b7/coml/www/coml.online/public_html/cv/img/prettyPhoto/facebook/default_thumbnail.gif'
2017-02-17 00:01:23: Copy New 'C:/Users/colm_/FTP/Aion/cv/img/prettyPhoto/facebook/loader.gif' -> 'ftp://coml.aion.feralhosting.com/media/82b7/coml/www/coml.online/public_html/cv/img/prettyPhoto/facebook/loader.gif'
2017-02-17 00:01:26: Copy New 'C:/Users/colm_/FTP/Aion/cv/img/prettyPhoto/facebook/sprite.png' -> 'ftp://coml.aion.feralhosting.com/media/82b7/coml/www/coml.online/public_html/cv/img/prettyPhoto/facebook/sprite.png'
2017-02-17 00:01:29: Copy New 'C:/Users/colm_/FTP/Aion/cv/img/prettyPhoto/light_rounded/btnNext.png' -> 'ftp://coml.aion.feralhosting.com/media/82b7/coml/www/coml.online/public_html/cv/img/prettyPhoto/light_rounded/btnNext.png'
2017-02-17 00:01:32: Copy New 'C:/Users/colm_/FTP/Aion/cv/img/prettyPhoto/light_rounded/btnPrevious.png' -> 'ftp://coml.aion.feralhosting.com/media/82b7/coml/www/coml.online/public_html/cv/img/prettyPhoto/light_rounded/btnPrevious.png'
2017-02-17 00:01:35: Copy New 'C:/Users/colm_/FTP/Aion/cv/img/prettyPhoto/light_rounded/default_thumbnail.gif' -> 'ftp://coml.aion.feralhosting.com/media/82b7/coml/www/coml.online/public_html/cv/img/prettyPhoto/light_rounded/default_thumbnail.gif'
2017-02-17 00:01:37: Copy New 'C:/Users/colm_/FTP/Aion/cv/img/prettyPhoto/light_rounded/loader.gif' -> 'ftp://coml.aion.feralhosting.com/media/82b7/coml/www/coml.online/public_html/cv/img/prettyPhoto/light_rounded/loader.gif'
2017-02-17 00:01:40: Copy New 'C:/Users/colm_/FTP/Aion/cv/img/prettyPhoto/light_rounded/sprite.png' -> 'ftp://coml.aion.feralhosting.com/media/82b7/coml/www/coml.online/public_html/cv/img/prettyPhoto/light_rounded/sprite.png'
2017-02-17 00:01:43: Copy New 'C:/Users/colm_/FTP/Aion/cv/img/prettyPhoto/light_square/btnNext.png' -> 'ftp://coml.aion.feralhosting.com/media/82b7/coml/www/coml.online/public_html/cv/img/prettyPhoto/light_square/btnNext.png'
2017-02-17 00:01:47: Copy New 'C:/Users/colm_/FTP/Aion/cv/img/prettyPhoto/light_square/btnPrevious.png' -> 'ftp://coml.aion.feralhosting.com/media/82b7/coml/www/coml.online/public_html/cv/img/prettyPhoto/light_square/btnPrevious.png'
2017-02-17 00:01:50: Copy New 'C:/Users/colm_/FTP/Aion/cv/img/prettyPhoto/light_square/default_thumbnail.gif' -> 'ftp://coml.aion.feralhosting.com/media/82b7/coml/www/coml.online/public_html/cv/img/prettyPhoto/light_square/default_thumbnail.gif'
2017-02-17 00:01:53: Copy New 'C:/Users/colm_/FTP/Aion/cv/img/prettyPhoto/light_square/loader.gif' -> 'ftp://coml.aion.feralhosting.com/media/82b7/coml/www/coml.online/public_html/cv/img/prettyPhoto/light_square/loader.gif'
2017-02-17 00:01:55: Copy New 'C:/Users/colm_/FTP/Aion/cv/img/prettyPhoto/light_square/sprite.png' -> 'ftp://coml.aion.feralhosting.com/media/82b7/coml/www/coml.online/public_html/cv/img/prettyPhoto/light_square/sprite.png'
2017-02-17 00:01:59: Copy New 'C:/Users/colm_/FTP/Aion/cv/index.html' -> 'ftp://coml.aion.feralhosting.com/media/82b7/coml/www/coml.online/public_html/cv/index.html'
2017-02-17 00:02:03: Copy New 'C:/Users/colm_/FTP/Aion/cv/js/bootstrap.js' -> 'ftp://coml.aion.feralhosting.com/media/82b7/coml/www/coml.online/public_html/cv/js/bootstrap.js'
2017-02-17 00:02:06: Copy New 'C:/Users/colm_/FTP/Aion/cv/js/bootstrap.min.js' -> 'ftp://coml.aion.feralhosting.com/media/82b7/coml/www/coml.online/public_html/cv/js/bootstrap.min.js'
2017-02-17 00:02:09: Copy New 'C:/Users/colm_/FTP/Aion/cv/js/contact_me.js' -> 'ftp://coml.aion.feralhosting.com/media/82b7/coml/www/coml.online/public_html/cv/js/contact_me.js'
2017-02-17 00:02:12: Copy New 'C:/Users/colm_/FTP/Aion/cv/js/easypiechart.js' -> 'ftp://coml.aion.feralhosting.com/media/82b7/coml/www/coml.online/public_html/cv/js/easypiechart.js'
2017-02-17 00:02:16: Copy New 'C:/Users/colm_/FTP/Aion/cv/js/jqBootstrapValidation.js' -> 'ftp://coml.aion.feralhosting.com/media/82b7/coml/www/coml.online/public_html/cv/js/jqBootstrapValidation.js'
2017-02-17 00:02:19: Copy New 'C:/Users/colm_/FTP/Aion/cv/js/jquery.1.11.1.js' -> 'ftp://coml.aion.feralhosting.com/media/82b7/coml/www/coml.online/public_html/cv/js/jquery.1.11.1.js'
2017-02-17 00:02:22: Copy New 'C:/Users/colm_/FTP/Aion/cv/js/jquery.counterup.js' -> 'ftp://coml.aion.feralhosting.com/media/82b7/coml/www/coml.online/public_html/cv/js/jquery.counterup.js'
2017-02-17 00:02:26: Copy New 'C:/Users/colm_/FTP/Aion/cv/js/jquery.isotope.js' -> 'ftp://coml.aion.feralhosting.com/media/82b7/coml/www/coml.online/public_html/cv/js/jquery.isotope.js'
2017-02-17 00:02:29: Copy New 'C:/Users/colm_/FTP/Aion/cv/js/jquery.prettyPhoto.js' -> 'ftp://coml.aion.feralhosting.com/media/82b7/coml/www/coml.online/public_html/cv/js/jquery.prettyPhoto.js'
2017-02-17 00:02:32: Copy New 'C:/Users/colm_/FTP/Aion/cv/js/main.js' -> 'ftp://coml.aion.feralhosting.com/media/82b7/coml/www/coml.online/public_html/cv/js/main.js'
2017-02-17 00:02:35: Copy New 'C:/Users/colm_/FTP/Aion/cv/js/SmoothScroll.js' -> 'ftp://coml.aion.feralhosting.com/media/82b7/coml/www/coml.online/public_html/cv/js/SmoothScroll.js'
2017-02-17 00:02:38: Copy New 'C:/Users/colm_/FTP/Aion/cv/js/waypoints.js' -> 'ftp://coml.aion.feralhosting.com/media/82b7/coml/www/coml.online/public_html/cv/js/waypoints.js'
2017-02-17 00:02:40: Copy New 'C:/Users/colm_/FTP/Aion/cv/mail/contact_me.php' -> 'ftp://coml.aion.feralhosting.com/media/82b7/coml/www/coml.online/public_html/cv/mail/contact_me.php'
2017-02-17 00:02:40: /fonts/bootstrap/glyphicons-halflings-regular.eot: unresolved conflict results in No Copy
2017-02-17 00:02:40: /fonts/bootstrap/glyphicons-halflings-regular.svg: unresolved conflict results in No Copy
2017-02-17 00:02:40: /fonts/bootstrap/glyphicons-halflings-regular.ttf: unresolved conflict results in No Copy
2017-02-17 00:02:40: /fonts/bootstrap/glyphicons-halflings-regular.woff: unresolved conflict results in No Copy
2017-02-17 00:02:40: /fonts/bootstrap/glyphicons-halflings-regular.woff2: unresolved conflict results in No Copy
2017-02-17 00:02:40: /fonts/icomoon/icomoon.eot: unresolved conflict results in No Copy
2017-02-17 00:02:40: /fonts/icomoon/icomoon.svg: unresolved conflict results in No Copy
2017-02-17 00:02:40: /fonts/icomoon/icomoon.ttf: unresolved conflict results in No Copy
2017-02-17 00:02:40: /fonts/icomoon/icomoon.woff: unresolved conflict results in No Copy
2017-02-17 00:02:40: /images/img_1.jpg: unresolved conflict results in No Copy
2017-02-17 00:02:40: /images/img_bg_1.jpg: unresolved conflict results in No Copy
2017-02-17 00:02:40: /images/img_bg_2.jpg: unresolved conflict results in No Copy
2017-02-17 00:02:40: /images/img_bg_3.jpg: unresolved conflict results in No Copy
2017-02-17 00:02:40: /images/loader.gif: unresolved conflict results in No Copy
2017-02-17 00:02:40: /images/person_1.jpg: unresolved conflict results in No Copy
2017-02-17 00:02:40: /images/person_2.jpg: unresolved conflict results in No Copy
2017-02-17 00:02:40: /images/person_3.jpg: unresolved conflict results in No Copy
2017-02-17 00:02:40: /index.html: unresolved conflict results in No Copy
2017-02-17 00:02:40: /js/bootstrap.min.js: unresolved conflict results in No Copy
2017-02-17 00:02:40: /js/jquery.countTo.js: unresolved conflict results in No Copy
2017-02-17 00:02:40: /js/jquery.easing.1.3.js: unresolved conflict results in No Copy
2017-02-17 00:02:40: /js/jquery.magnific-popup.min.js: unresolved conflict results in No Copy
2017-02-17 00:02:40: /js/jquery.min.js: unresolved conflict results in No Copy
2017-02-17 00:02:40: /js/jquery.waypoints.min.js: unresolved conflict results in No Copy
2017-02-17 00:02:40: /js/magnific-popup-options.js: unresolved conflict results in No Copy
2017-02-17 00:02:40: /js/main.js: unresolved conflict results in No Copy
2017-02-17 00:02:40: /js/modernizr-2.6.2.min.js: unresolved conflict results in No Copy
2017-02-17 00:02:40: /js/owl.carousel.min.js: unresolved conflict results in No Copy
2017-02-17 00:02:40: /js/respond.min.js: unresolved conflict results in No Copy
2017-02-17 00:02:40: /README.txt: unresolved conflict results in No Copy
2017-02-17 00:02:40: /sass/_bootstrap-compass.scss: unresolved conflict results in No Copy
2017-02-17 00:02:40: /sass/_bootstrap-mincer.scss: unresolved conflict results in No Copy
2017-02-17 00:02:40: /sass/_bootstrap-sprockets.scss: unresolved conflict results in No Copy
2017-02-17 00:02:40: /sass/bootstrap/_alerts.scss: unresolved conflict results in No Copy
2017-02-17 00:02:40: /sass/bootstrap/_badges.scss: unresolved conflict results in No Copy
2017-02-17 00:02:40: /sass/bootstrap/_breadcrumbs.scss: unresolved conflict results in No Copy
2017-02-17 00:02:40: /sass/bootstrap/_button-groups.scss: unresolved conflict results in No Copy
2017-02-17 00:02:40: /sass/bootstrap/_buttons.scss: unresolved conflict results in No Copy
2017-02-17 00:02:40: /sass/bootstrap/_carousel.scss: unresolved conflict results in No Copy
2017-02-17 00:02:40: /sass/bootstrap/_close.scss: unresolved conflict results in No Copy
2017-02-17 00:02:40: /sass/bootstrap/_code.scss: unresolved conflict results in No Copy
2017-02-17 00:02:40: /sass/bootstrap/_component-animations.scss: unresolved conflict results in No Copy
2017-02-17 00:02:40: /sass/bootstrap/_dropdowns.scss: unresolved conflict results in No Copy
2017-02-17 00:02:40: /sass/bootstrap/_forms.scss: unresolved conflict results in No Copy
2017-02-17 00:02:40: /sass/bootstrap/_glyphicons.scss: unresolved conflict results in No Copy
2017-02-17 00:02:40: /sass/bootstrap/_grid.scss: unresolved conflict results in No Copy
2017-02-17 00:02:40: /sass/bootstrap/_input-groups.scss: unresolved conflict results in No Copy
2017-02-17 00:02:40: /sass/bootstrap/_jumbotron.scss: unresolved conflict results in No Copy
2017-02-17 00:02:40: /sass/bootstrap/_labels.scss: unresolved conflict results in No Copy
2017-02-17 00:02:40: /sass/bootstrap/_list-group.scss: unresolved conflict results in No Copy
2017-02-17 00:02:40: /sass/bootstrap/_media.scss: unresolved conflict results in No Copy
2017-02-17 00:02:40: /sass/bootstrap/_mixins.scss: unresolved conflict results in No Copy
2017-02-17 00:02:40: /sass/bootstrap/_modals.scss: unresolved conflict results in No Copy
2017-02-17 00:02:40: /sass/bootstrap/_navbar.scss: unresolved conflict results in No Copy
2017-02-17 00:02:40: /sass/bootstrap/_navs.scss: unresolved conflict results in No Copy
2017-02-17 00:02:40: /sass/bootstrap/_normalize.scss: unresolved conflict results in No Copy
2017-02-17 00:02:40: /sass/bootstrap/_pager.scss: unresolved conflict results in No Copy
2017-02-17 00:02:40: /sass/bootstrap/_pagination.scss: unresolved conflict results in No Copy
2017-02-17 00:02:40: /sass/bootstrap/_panels.scss: unresolved conflict results in No Copy
2017-02-17 00:02:40: /sass/bootstrap/_popovers.scss: unresolved conflict results in No Copy
2017-02-17 00:02:40: /sass/bootstrap/_print.scss: unresolved conflict results in No Copy
2017-02-17 00:02:40: /sass/bootstrap/_progress-bars.scss: unresolved conflict results in No Copy
2017-02-17 00:02:40: /sass/bootstrap/_responsive-embed.scss: unresolved conflict results in No Copy
2017-02-17 00:02:40: /sass/bootstrap/_responsive-utilities.scss: unresolved conflict results in No Copy
2017-02-17 00:02:40: /sass/bootstrap/_scaffolding.scss: unresolved conflict results in No Copy
2017-02-17 00:02:40: /sass/bootstrap/_tables.scss: unresolved conflict results in No Copy
2017-02-17 00:02:40: /sass/bootstrap/_theme.scss: unresolved conflict results in No Copy
2017-02-17 00:02:40: /sass/bootstrap/_thumbnails.scss: unresolved conflict results in No Copy
2017-02-17 00:02:40: /sass/bootstrap/_tooltip.scss: unresolved conflict results in No Copy
2017-02-17 00:02:40: /sass/bootstrap/_type.scss: unresolved conflict results in No Copy
2017-02-17 00:02:40: /sass/bootstrap/_utilities.scss: unresolved conflict results in No Copy
2017-02-17 00:02:40: /sass/bootstrap/_variables.scss: unresolved conflict results in No Copy
2017-02-17 00:02:40: /sass/bootstrap/_wells.scss: unresolved conflict results in No Copy
2017-02-17 00:02:40: /sass/bootstrap/mixins/_alerts.scss: unresolved conflict results in No Copy
2017-02-17 00:02:40: /sass/bootstrap/mixins/_background-variant.scss: unresolved conflict results in No Copy
2017-02-17 00:02:40: /sass/bootstrap/mixins/_border-radius.scss: unresolved conflict results in No Copy
2017-02-17 00:02:40: /sass/bootstrap/mixins/_buttons.scss: unresolved conflict results in No Copy
2017-02-17 00:02:40: /sass/bootstrap/mixins/_center-block.scss: unresolved conflict results in No Copy
2017-02-17 00:02:40: /sass/bootstrap/mixins/_clearfix.scss: unresolved conflict results in No Copy
2017-02-17 00:02:40: /sass/bootstrap/mixins/_forms.scss: unresolved conflict results in No Copy
2017-02-17 00:02:40: /sass/bootstrap/mixins/_gradients.scss: unresolved conflict results in No Copy
2017-02-17 00:02:40: /sass/bootstrap/mixins/_grid-framework.scss: unresolved conflict results in No Copy
2017-02-17 00:02:40: /sass/bootstrap/mixins/_grid.scss: unresolved conflict results in No Copy
2017-02-17 00:02:40: /sass/bootstrap/mixins/_hide-text.scss: unresolved conflict results in No Copy
2017-02-17 00:02:40: /sass/bootstrap/mixins/_image.scss: unresolved conflict results in No Copy
2017-02-17 00:02:40: /sass/bootstrap/mixins/_labels.scss: unresolved conflict results in No Copy
2017-02-17 00:02:40: /sass/bootstrap/mixins/_list-group.scss: unresolved conflict results in No Copy
2017-02-17 00:02:40: /sass/bootstrap/mixins/_nav-divider.scss: unresolved conflict results in No Copy
2017-02-17 00:02:40: /sass/bootstrap/mixins/_nav-vertical-align.scss: unresolved conflict results in No Copy
2017-02-17 00:02:40: /sass/bootstrap/mixins/_opacity.scss: unresolved conflict results in No Copy
2017-02-17 00:02:40: /sass/bootstrap/mixins/_pagination.scss: unresolved conflict results in No Copy
2017-02-17 00:02:40: /sass/bootstrap/mixins/_panels.scss: unresolved conflict results in No Copy
2017-02-17 00:02:40: /sass/bootstrap/mixins/_progress-bar.scss: unresolved conflict results in No Copy
2017-02-17 00:02:40: /sass/bootstrap/mixins/_reset-filter.scss: unresolved conflict results in No Copy
2017-02-17 00:02:40: /sass/bootstrap/mixins/_reset-text.scss: unresolved conflict results in No Copy
2017-02-17 00:02:40: /sass/bootstrap/mixins/_resize.scss: unresolved conflict results in No Copy
2017-02-17 00:02:40: /sass/bootstrap/mixins/_responsive-visibility.scss: unresolved conflict results in No Copy
2017-02-17 00:02:40: /sass/bootstrap/mixins/_size.scss: unresolved conflict results in No Copy
2017-02-17 00:02:40: /sass/bootstrap/mixins/_tab-focus.scss: unresolved conflict results in No Copy
2017-02-17 00:02:40: /sass/bootstrap/mixins/_table-row.scss: unresolved conflict results in No Copy
2017-02-17 00:02:40: /sass/bootstrap/mixins/_text-emphasis.scss: unresolved conflict results in No Copy
2017-02-17 00:02:40: /sass/bootstrap/mixins/_text-overflow.scss: unresolved conflict results in No Copy
2017-02-17 00:02:40: /sass/bootstrap/mixins/_vendor-prefixes.scss: unresolved conflict results in No Copy
2017-02-17 00:02:40: /sass/bootstrap.scss: unresolved conflict results in No Copy
2017-02-17 00:02:40: /sass/style.scss: unresolved conflict results in No Copy
2017-02-17 00:02:40: /services.html: unresolved conflict results in No Copy
2017-02-17 00:02:46: == Sync Complete. Time: 00:05:50, Speed: 8.04 KB/s, OK: 142, Errors: 0, Conflicts: 118
2017-02-17 00:02:47: 
